2024-02-17 23:02:55,817 INFO o.a.j.u.JMeterUtils: Setting Locale to en_ID
2024-02-17 23:02:55,873 INFO o.a.j.JMeter: Loading user properties from: user.properties
2024-02-17 23:02:55,873 INFO o.a.j.JMeter: Loading system properties from: system.properties
2024-02-17 23:02:55,877 INFO o.a.j.JMeter: Copyright (c) 1998-2024 The Apache Software Foundation
2024-02-17 23:02:55,877 INFO o.a.j.JMeter: Version 5.6.3
2024-02-17 23:02:55,878 INFO o.a.j.JMeter: java.version=1.8.0_401
2024-02-17 23:02:55,878 INFO o.a.j.JMeter: java.vm.name=Java HotSpot(TM) 64-Bit Server VM
2024-02-17 23:02:55,878 INFO o.a.j.JMeter: os.name=Mac OS X
2024-02-17 23:02:55,878 INFO o.a.j.JMeter: os.arch=aarch64
2024-02-17 23:02:55,878 INFO o.a.j.JMeter: os.version=14.1.2
2024-02-17 23:02:55,878 INFO o.a.j.JMeter: file.encoding=UTF-8
2024-02-17 23:02:55,878 INFO o.a.j.JMeter: java.awt.headless=null
2024-02-17 23:02:55,878 INFO o.a.j.JMeter: Max memory     =1908932608
2024-02-17 23:02:55,878 INFO o.a.j.JMeter: Available Processors =8
2024-02-17 23:02:55,881 INFO o.a.j.JMeter: Default Locale=English (Indonesia)
2024-02-17 23:02:55,881 INFO o.a.j.JMeter: JMeter  Locale=English (Indonesia)
2024-02-17 23:02:55,881 INFO o.a.j.JMeter: JMeterHome=/Users/hendrarg/apache-jmeter-5.6.3
2024-02-17 23:02:55,881 INFO o.a.j.JMeter: user.dir  =/Users/hendrarg/apache-jmeter-5.6.3/bin
2024-02-17 23:02:55,881 INFO o.a.j.JMeter: PWD       =/Users/hendrarg/apache-jmeter-5.6.3/bin
2024-02-17 23:02:55,883 INFO o.a.j.JMeter: IP: 127.0.0.1 Name: Hendras-MacBook-Pro.local FullName: localhost
2024-02-17 23:02:55,892 INFO o.a.j.JMeter: Loaded icon properties from org/apache/jmeter/images/icon.properties
2024-02-17 23:02:56,508 INFO o.a.j.JMeterGuiLauncher: Setting LAF to: com.github.weisj.darklaf.DarkLaf:com.github.weisj.darklaf.theme.DarculaTheme
2024-02-17 23:23:27,785 INFO o.a.j.e.u.CompoundVariable: Note: Function class names must contain the string: '.functions.'
2024-02-17 23:23:27,786 INFO o.a.j.e.u.CompoundVariable: Note: Function class names must not contain the string: '.gui.'
2024-02-17 23:38:16,349 INFO o.a.j.p.h.s.HTTPSamplerBase: Parser for text/html is org.apache.jmeter.protocol.http.parser.LagartoBasedHtmlParser
2024-02-17 23:38:16,350 INFO o.a.j.p.h.s.HTTPSamplerBase: Parser for application/xhtml+xml is org.apache.jmeter.protocol.http.parser.LagartoBasedHtmlParser
2024-02-17 23:38:16,350 INFO o.a.j.p.h.s.HTTPSamplerBase: Parser for application/xml is org.apache.jmeter.protocol.http.parser.LagartoBasedHtmlParser
2024-02-17 23:38:16,350 INFO o.a.j.p.h.s.HTTPSamplerBase: Parser for text/xml is org.apache.jmeter.protocol.http.parser.LagartoBasedHtmlParser
2024-02-17 23:38:16,350 INFO o.a.j.p.h.s.HTTPSamplerBase: Parser for text/vnd.wap.wml is org.apache.jmeter.protocol.http.parser.RegexpHTMLParser
2024-02-17 23:38:16,350 INFO o.a.j.p.h.s.HTTPSamplerBase: Parser for text/css is org.apache.jmeter.protocol.http.parser.CssParser
2024-02-17 23:48:29,310 INFO o.a.j.s.SampleResult: Note: Sample TimeStamps are START times
2024-02-17 23:48:29,311 INFO o.a.j.s.SampleResult: sampleresult.default.encoding is set to UTF-8
2024-02-17 23:48:29,311 INFO o.a.j.s.SampleResult: sampleresult.useNanoTime=true
2024-02-17 23:48:29,311 INFO o.a.j.s.SampleResult: sampleresult.nanoThreadSleep=5000
2024-02-17 23:49:30,728 INFO o.a.j.e.StandardJMeterEngine: Running the test!
2024-02-17 23:49:30,730 INFO o.a.j.s.SampleEvent: List of sample_variables: []
2024-02-17 23:49:30,730 INFO o.a.j.s.SampleEvent: List of sample_variables: []
2024-02-17 23:49:30,737 INFO o.a.j.g.u.JMeterMenuBar: setRunning(true, *local*)
2024-02-17 23:49:30,985 INFO o.a.j.e.StandardJMeterEngine: Starting ThreadGroup: 1 : Thread Group
2024-02-17 23:49:30,985 INFO o.a.j.e.StandardJMeterEngine: Starting 1 threads for group Thread Group.
2024-02-17 23:49:30,985 INFO o.a.j.e.StandardJMeterEngine: Thread will continue on error
2024-02-17 23:49:30,985 INFO o.a.j.t.ThreadGroup: Starting thread group... number=1 threads=1 ramp-up=1 delayedStart=false
2024-02-17 23:49:30,988 INFO o.a.j.t.ThreadGroup: Started thread group number 1
2024-02-17 23:49:30,988 INFO o.a.j.e.StandardJMeterEngine: All thread groups have been started
2024-02-17 23:49:30,991 INFO o.a.j.t.JMeterThread: Thread started: Thread Group 1-1
2024-02-17 23:49:31,002 INFO o.a.j.t.JMeterThread: Thread is done: Thread Group 1-1
2024-02-17 23:49:31,002 INFO o.a.j.t.JMeterThread: Thread finished: Thread Group 1-1
2024-02-17 23:49:31,002 INFO o.a.j.e.StandardJMeterEngine: Notifying test listeners of end of test
2024-02-17 23:49:31,004 INFO o.a.j.s.FileServer: Default base='/Users/hendrarg/apache-jmeter-5.6.3/bin'
2024-02-17 23:49:31,004 INFO o.a.j.g.u.JMeterMenuBar: setRunning(false, *local*)
2024-02-17 23:49:43,447 INFO o.a.j.s.FileServer: Set new base='/Users/hendrarg/apache-jmeter-5.6.3/bin'
2024-02-17 23:49:43,550 INFO o.a.j.s.SaveService: Testplan (JMX) version: 2.2. Testlog (JTL) version: 2.2
2024-02-17 23:49:43,559 INFO o.a.j.s.SaveService: Using SaveService properties file encoding UTF-8
2024-02-17 23:49:43,560 INFO o.a.j.s.SaveService: Using SaveService properties version 5.0
2024-02-17 23:49:48,277 INFO o.a.j.e.StandardJMeterEngine: Running the test!
2024-02-17 23:49:48,278 INFO o.a.j.s.SampleEvent: List of sample_variables: []
2024-02-17 23:49:48,280 INFO o.a.j.g.u.JMeterMenuBar: setRunning(true, *local*)
2024-02-17 23:49:48,374 INFO o.a.j.e.StandardJMeterEngine: Starting ThreadGroup: 1 : Thread Group
2024-02-17 23:49:48,374 INFO o.a.j.e.StandardJMeterEngine: Starting 1 threads for group Thread Group.
2024-02-17 23:49:48,374 INFO o.a.j.e.StandardJMeterEngine: Thread will continue on error
2024-02-17 23:49:48,374 INFO o.a.j.t.ThreadGroup: Starting thread group... number=1 threads=1 ramp-up=1 delayedStart=false
2024-02-17 23:49:48,375 INFO o.a.j.t.ThreadGroup: Started thread group number 1
2024-02-17 23:49:48,375 INFO o.a.j.e.StandardJMeterEngine: All thread groups have been started
2024-02-17 23:49:48,376 INFO o.a.j.t.JMeterThread: Thread started: Thread Group 1-1
2024-02-17 23:49:48,377 INFO o.a.j.t.JMeterThread: Thread is done: Thread Group 1-1
2024-02-17 23:49:48,378 INFO o.a.j.t.JMeterThread: Thread finished: Thread Group 1-1
2024-02-17 23:49:48,378 INFO o.a.j.e.StandardJMeterEngine: Notifying test listeners of end of test
2024-02-17 23:49:48,378 INFO o.a.j.g.u.JMeterMenuBar: setRunning(false, *local*)
2024-02-17 23:50:02,176 INFO o.a.j.e.StandardJMeterEngine: Running the test!
2024-02-17 23:50:02,177 INFO o.a.j.s.SampleEvent: List of sample_variables: []
2024-02-17 23:50:02,177 INFO o.a.j.g.u.JMeterMenuBar: setRunning(true, *local*)
2024-02-17 23:50:02,272 INFO o.a.j.e.StandardJMeterEngine: Starting ThreadGroup: 1 : Thread Group
2024-02-17 23:50:02,273 INFO o.a.j.e.StandardJMeterEngine: Starting 1 threads for group Thread Group.
2024-02-17 23:50:02,273 INFO o.a.j.e.StandardJMeterEngine: Thread will continue on error
2024-02-17 23:50:02,273 INFO o.a.j.t.ThreadGroup: Starting thread group... number=1 threads=1 ramp-up=1 delayedStart=false
2024-02-17 23:50:02,273 INFO o.a.j.t.ThreadGroup: Started thread group number 1
2024-02-17 23:50:02,273 INFO o.a.j.e.StandardJMeterEngine: All thread groups have been started
2024-02-17 23:50:02,273 INFO o.a.j.t.JMeterThread: Thread started: Thread Group 1-1
2024-02-17 23:50:02,274 INFO o.a.j.t.JMeterThread: Thread is done: Thread Group 1-1
2024-02-17 23:50:02,274 INFO o.a.j.t.JMeterThread: Thread finished: Thread Group 1-1
2024-02-17 23:50:02,274 INFO o.a.j.e.StandardJMeterEngine: Notifying test listeners of end of test
2024-02-17 23:50:02,274 INFO o.a.j.g.u.JMeterMenuBar: setRunning(false, *local*)
2024-02-17 23:52:28,970 INFO o.a.j.e.StandardJMeterEngine: Running the test!
2024-02-17 23:52:28,971 INFO o.a.j.s.SampleEvent: List of sample_variables: []
2024-02-17 23:52:28,971 INFO o.a.j.g.u.JMeterMenuBar: setRunning(true, *local*)
2024-02-17 23:52:29,092 INFO o.a.j.e.StandardJMeterEngine: Starting ThreadGroup: 1 : Thread Group
2024-02-17 23:52:29,092 INFO o.a.j.e.StandardJMeterEngine: Starting 1 threads for group Thread Group.
2024-02-17 23:52:29,092 INFO o.a.j.e.StandardJMeterEngine: Thread will continue on error
2024-02-17 23:52:29,093 INFO o.a.j.t.ThreadGroup: Starting thread group... number=1 threads=1 ramp-up=1 delayedStart=false
2024-02-17 23:52:29,093 INFO o.a.j.t.ThreadGroup: Started thread group number 1
2024-02-17 23:52:29,093 INFO o.a.j.e.StandardJMeterEngine: All thread groups have been started
2024-02-17 23:52:29,093 INFO o.a.j.t.JMeterThread: Thread started: Thread Group 1-1
2024-02-17 23:52:29,095 INFO o.a.j.t.JMeterThread: Thread is done: Thread Group 1-1
2024-02-17 23:52:29,095 INFO o.a.j.t.JMeterThread: Thread finished: Thread Group 1-1
2024-02-17 23:52:29,095 INFO o.a.j.e.StandardJMeterEngine: Notifying test listeners of end of test
2024-02-17 23:52:29,095 INFO o.a.j.g.u.JMeterMenuBar: setRunning(false, *local*)
2024-02-17 23:55:37,534 INFO o.a.j.e.StandardJMeterEngine: Running the test!
2024-02-17 23:55:37,535 INFO o.a.j.s.SampleEvent: List of sample_variables: []
2024-02-17 23:55:37,535 INFO o.a.j.g.u.JMeterMenuBar: setRunning(true, *local*)
2024-02-17 23:55:37,632 INFO o.a.j.e.StandardJMeterEngine: Starting ThreadGroup: 1 : Thread Group
2024-02-17 23:55:37,632 INFO o.a.j.e.StandardJMeterEngine: Starting 1 threads for group Thread Group.
2024-02-17 23:55:37,632 INFO o.a.j.e.StandardJMeterEngine: Thread will continue on error
2024-02-17 23:55:37,632 INFO o.a.j.t.ThreadGroup: Starting thread group... number=1 threads=1 ramp-up=1 delayedStart=false
2024-02-17 23:55:37,633 INFO o.a.j.t.ThreadGroup: Started thread group number 1
2024-02-17 23:55:37,633 INFO o.a.j.e.StandardJMeterEngine: All thread groups have been started
2024-02-17 23:55:37,633 INFO o.a.j.t.JMeterThread: Thread started: Thread Group 1-1
2024-02-17 23:55:37,654 INFO o.a.j.p.h.s.HTTPHCAbstractImpl: Local host = Hendras-MacBook-Pro.local
2024-02-17 23:55:37,662 INFO o.a.j.p.h.s.HTTPHC4Impl: HTTP request retry count = 0
2024-02-17 23:55:37,958 INFO o.a.j.p.h.s.h.LazyLayeredConnectionSocketFactory: Setting up HTTPS TrustAll Socket Factory
2024-02-17 23:55:37,960 INFO o.a.j.u.JsseSSLManager: Using default SSL protocol: TLS
2024-02-17 23:55:37,960 INFO o.a.j.u.JsseSSLManager: SSL session context: per-thread
2024-02-17 23:55:38,259 INFO o.a.j.u.SSLManager: JmeterKeyStore Location:  type JKS
2024-02-17 23:55:38,261 INFO o.a.j.u.SSLManager: KeyStore created OK
2024-02-17 23:55:38,261 WARN o.a.j.u.SSLManager: Keystore file not found, loading empty keystore
2024-02-17 23:55:38,952 INFO o.a.j.t.JMeterThread: Thread is done: Thread Group 1-1
2024-02-17 23:55:38,952 INFO o.a.j.t.JMeterThread: Thread finished: Thread Group 1-1
2024-02-17 23:55:38,954 INFO o.a.j.e.StandardJMeterEngine: Notifying test listeners of end of test
2024-02-17 23:55:38,955 INFO o.a.j.g.u.JMeterMenuBar: setRunning(false, *local*)
2024-02-17 23:58:19,982 INFO o.a.j.e.StandardJMeterEngine: Running the test!
2024-02-17 23:58:19,983 INFO o.a.j.s.SampleEvent: List of sample_variables: []
2024-02-17 23:58:19,983 INFO o.a.j.g.u.JMeterMenuBar: setRunning(true, *local*)
2024-02-17 23:58:20,130 INFO o.a.j.e.StandardJMeterEngine: Starting ThreadGroup: 1 : Thread Group
2024-02-17 23:58:20,130 INFO o.a.j.e.StandardJMeterEngine: Starting 1 threads for group Thread Group.
2024-02-17 23:58:20,131 INFO o.a.j.e.StandardJMeterEngine: Thread will continue on error
2024-02-17 23:58:20,131 INFO o.a.j.t.ThreadGroup: Starting thread group... number=1 threads=1 ramp-up=1 delayedStart=false
2024-02-17 23:58:20,131 INFO o.a.j.t.ThreadGroup: Started thread group number 1
2024-02-17 23:58:20,131 INFO o.a.j.e.StandardJMeterEngine: All thread groups have been started
2024-02-17 23:58:20,131 INFO o.a.j.t.JMeterThread: Thread started: Thread Group 1-1
2024-02-17 23:58:21,848 INFO o.a.j.t.JMeterThread: Thread is done: Thread Group 1-1
2024-02-17 23:58:21,848 INFO o.a.j.t.JMeterThread: Thread finished: Thread Group 1-1
2024-02-17 23:58:21,849 INFO o.a.j.e.StandardJMeterEngine: Notifying test listeners of end of test
2024-02-17 23:58:21,849 INFO o.a.j.g.u.JMeterMenuBar: setRunning(false, *local*)
2024-02-18 00:09:32,033 INFO o.a.j.e.StandardJMeterEngine: Running the test!
2024-02-18 00:09:32,035 INFO o.a.j.s.SampleEvent: List of sample_variables: []
2024-02-18 00:09:32,035 INFO o.a.j.g.u.JMeterMenuBar: setRunning(true, *local*)
2024-02-18 00:09:32,199 INFO o.a.j.e.StandardJMeterEngine: Starting ThreadGroup: 1 : Thread Group
2024-02-18 00:09:32,199 INFO o.a.j.e.StandardJMeterEngine: Starting 1 threads for group Thread Group.
2024-02-18 00:09:32,199 INFO o.a.j.e.StandardJMeterEngine: Thread will continue on error
2024-02-18 00:09:32,199 INFO o.a.j.t.ThreadGroup: Starting thread group... number=1 threads=1 ramp-up=1 delayedStart=false
2024-02-18 00:09:32,199 INFO o.a.j.t.ThreadGroup: Started thread group number 1
2024-02-18 00:09:32,199 INFO o.a.j.e.StandardJMeterEngine: All thread groups have been started
2024-02-18 00:09:32,200 INFO o.a.j.t.JMeterThread: Thread started: Thread Group 1-1
2024-02-18 00:09:39,988 INFO o.a.j.t.JMeterThread: Thread is done: Thread Group 1-1
2024-02-18 00:09:39,989 INFO o.a.j.t.JMeterThread: Thread finished: Thread Group 1-1
2024-02-18 00:09:39,990 INFO o.a.j.e.StandardJMeterEngine: Notifying test listeners of end of test
2024-02-18 00:09:39,990 INFO o.a.j.g.u.JMeterMenuBar: setRunning(false, *local*)
